   📊 상태:
      위장 포만도: 52%
      심박수: 98 BPM
      기어: BOOST (부스터)
      혈압: 정상
   🚀 [BOOST] 고속 처리 모드
[Heart] 💓 박동 스레드 종료
[Heart] 🛑 박동 중지

━━━━━━━━━━━━━━━━━━━━━━━━━━━━━━━━━━━━━━━━━━━━━━━━━━━
🏁 24시간 시나리오 완료
━━━━━━━━━━━━━━━━━━━━━━━━━━━━━━━━━━━━━━━━━━━━━━━━━━━


╔═══════════════════════════════════════════════════════╗
║  일일 활동 요약 (Daily Summary)                       ║
╚═══════════════════════════════════════════════════════╝


[Heart Statistics]
  BPM:             98 (목표: 120)
  Gear:            BOOST (부스터)
  Blood Pressure:  정상 (수축기: 52, 이완기: 64)
  Total Beats:     57
  Gear Shifts:     1
  BP Warnings:     0

[Valves]
  Stomach: 열림 (유속: 50%)
  Brain:   열림 (유속: 50%)
  Kidney:  열림 (유속: 50%)

[Stomach Status]
  최종 포만도: 52%

[Daily Insights]
  ✅ 24시간 운영: 정상 완료
  ✅ 자동 기어 변속: 작동 확인
  ✅ 과부하 보호: 작동 확인
  ✅ 적응형 제어: 작동 확인

💓 심장 엔진 24시간 운영 테스트 완료

